[0.209s] DEBUG:colcon:Command line arguments: ['/usr/bin/colcon', 'build']
[0.209s] DEBUG:colcon:Parsed command line arguments: Namespace(log_base=None, log_level=None, verb_name='build', build_base='build', install_base='install', merge_install=False, symlink_install=False, test_result_base=None, continue_on_error=False, executor='parallel', parallel_workers=2, event_handlers=None, ignore_user_meta=False, metas=['./colcon.meta'], base_paths=['.'], packages_ignore=None, packages_ignore_regex=None, paths=None, packages_up_to=None, packages_up_to_regex=None, packages_above=None, packages_above_and_dependencies=None, packages_above_depth=None, packages_select_by_dep=None, packages_skip_by_dep=None, packages_skip_up_to=None, packages_select_build_failed=False, packages_skip_build_finished=False, packages_select_test_failures=False, packages_skip_test_passed=False, packages_select=None, packages_skip=None, packages_select_regex=None, packages_skip_regex=None, packages_start=None, packages_end=None, allow_overriding=[], cmake_args=None, cmake_target=None, cmake_target_skip_unavailable=False, cmake_clean_cache=False, cmake_clean_first=False, cmake_force_configure=False, ament_cmake_args=None, catkin_cmake_args=None, catkin_skip_building_tests=False, verb_parser=<colcon_defaults.argument_parser.defaults.DefaultArgumentsDecorator object at 0x7bfd3411a440>, verb_extension=<colcon_core.verb.build.BuildVerb object at 0x7bfd34119f30>, main=<bound method BuildVerb.main of <colcon_core.verb.build.BuildVerb object at 0x7bfd34119f30>>)
[0.448s] Level 1:colcon.colcon_core.package_discovery:discover_packages(colcon_meta) check parameters
[0.448s] Level 1:colcon.colcon_core.package_discovery:discover_packages(recursive) check parameters
[0.448s] Level 1:colcon.colcon_core.package_discovery:discover_packages(ignore) check parameters
[0.448s] Level 1:colcon.colcon_core.package_discovery:discover_packages(path) check parameters
[0.448s] Level 1:colcon.colcon_core.package_discovery:discover_packages(colcon_meta) discover
[0.448s] Level 1:colcon.colcon_core.package_discovery:discover_packages(recursive) discover
[0.448s] INFO:colcon.colcon_core.package_discovery:Crawling recursively for packages in '/home/lois/hybrid_robot_ws'
[0.448s] Level 1:colcon.colcon_core.package_identification:_identify(.) by extensions ['ignore', 'ignore_ament_install']
[0.448s] Level 1:colcon.colcon_core.package_identification:_identify(.) by extension 'ignore'
[0.448s] Level 1:colcon.colcon_core.package_identification:_identify(.) by extension 'ignore_ament_install'
[0.448s] Level 1:colcon.colcon_core.package_identification:_identify(.) by extensions ['colcon_pkg']
[0.448s] Level 1:colcon.colcon_core.package_identification:_identify(.) by extension 'colcon_pkg'
[0.448s] Level 1:colcon.colcon_core.package_identification:_identify(.) by extensions ['colcon_meta']
[0.448s] Level 1:colcon.colcon_core.package_identification:_identify(.) by extension 'colcon_meta'
[0.449s] Level 1:colcon.colcon_core.package_identification:_identify(.) by extensions ['ros']
[0.449s] Level 1:colcon.colcon_core.package_identification:_identify(.) by extension 'ros'
[0.460s] Level 1:colcon.colcon_core.package_identification:_identify(.) by extensions ['cmake', 'python']
[0.461s] Level 1:colcon.colcon_core.package_identification:_identify(.) by extension 'cmake'
[0.461s] Level 1:colcon.colcon_core.package_identification:_identify(.) by extension 'python'
[0.461s] Level 1:colcon.colcon_core.package_identification:_identify(.) by extensions ['python_setup_py']
[0.461s] Level 1:colcon.colcon_core.package_identification:_identify(.) by extension 'python_setup_py'
[0.461s] Level 1:colcon.colcon_core.package_identification:_identify(build) by extensions ['ignore', 'ignore_ament_install']
[0.461s] Level 1:colcon.colcon_core.package_identification:_identify(build) by extension 'ignore'
[0.461s] Level 1:colcon.colcon_core.package_identification:_identify(build) ignored
[0.461s] Level 1:colcon.colcon_core.package_identification:_identify(install) by extensions ['ignore', 'ignore_ament_install']
[0.461s] Level 1:colcon.colcon_core.package_identification:_identify(install) by extension 'ignore'
[0.461s] Level 1:colcon.colcon_core.package_identification:_identify(install) ignored
[0.462s] Level 1:colcon.colcon_core.package_identification:_identify(log) by extensions ['ignore', 'ignore_ament_install']
[0.462s] Level 1:colcon.colcon_core.package_identification:_identify(log) by extension 'ignore'
[0.462s] Level 1:colcon.colcon_core.package_identification:_identify(log) ignored
[0.462s] Level 1:colcon.colcon_core.package_identification:_identify(src) by extensions ['ignore', 'ignore_ament_install']
[0.462s] Level 1:colcon.colcon_core.package_identification:_identify(src) by extension 'ignore'
[0.462s] Level 1:colcon.colcon_core.package_identification:_identify(src) by extension 'ignore_ament_install'
[0.462s] Level 1:colcon.colcon_core.package_identification:_identify(src) by extensions ['colcon_pkg']
[0.463s] Level 1:colcon.colcon_core.package_identification:_identify(src) by extension 'colcon_pkg'
[0.463s] Level 1:colcon.colcon_core.package_identification:_identify(src) by extensions ['colcon_meta']
[0.463s] Level 1:colcon.colcon_core.package_identification:_identify(src) by extension 'colcon_meta'
[0.463s] Level 1:colcon.colcon_core.package_identification:_identify(src) by extensions ['ros']
[0.463s] Level 1:colcon.colcon_core.package_identification:_identify(src) by extension 'ros'
[0.463s] Level 1:colcon.colcon_core.package_identification:_identify(src) by extensions ['cmake', 'python']
[0.463s] Level 1:colcon.colcon_core.package_identification:_identify(src) by extension 'cmake'
[0.464s] Level 1:colcon.colcon_core.package_identification:_identify(src) by extension 'python'
[0.464s] Level 1:colcon.colcon_core.package_identification:_identify(src) by extensions ['python_setup_py']
[0.464s] Level 1:colcon.colcon_core.package_identification:_identify(src) by extension 'python_setup_py'
[0.464s] Level 1:colcon.colcon_core.package_identification:_identify(src/hybrid_robot_description) by extensions ['ignore', 'ignore_ament_install']
[0.464s] Level 1:colcon.colcon_core.package_identification:_identify(src/hybrid_robot_description) by extension 'ignore'
[0.464s] Level 1:colcon.colcon_core.package_identification:_identify(src/hybrid_robot_description) by extension 'ignore_ament_install'
[0.464s] Level 1:colcon.colcon_core.package_identification:_identify(src/hybrid_robot_description) by extensions ['colcon_pkg']
[0.464s] Level 1:colcon.colcon_core.package_identification:_identify(src/hybrid_robot_description) by extension 'colcon_pkg'
[0.464s] Level 1:colcon.colcon_core.package_identification:_identify(src/hybrid_robot_description) by extensions ['colcon_meta']
[0.464s] Level 1:colcon.colcon_core.package_identification:_identify(src/hybrid_robot_description) by extension 'colcon_meta'
[0.464s] Level 1:colcon.colcon_core.package_identification:_identify(src/hybrid_robot_description) by extensions ['ros']
[0.464s] Level 1:colcon.colcon_core.package_identification:_identify(src/hybrid_robot_description) by extension 'ros'
[0.467s] DEBUG:colcon.colcon_core.package_identification:Package 'src/hybrid_robot_description' with type 'ros.ament_cmake' and name 'hybrid_robot_description'
[0.468s] Level 1:colcon.colcon_core.package_discovery:discover_packages(recursive) using defaults
[0.468s] Level 1:colcon.colcon_core.package_discovery:discover_packages(ignore) discover
[0.468s] Level 1:colcon.colcon_core.package_discovery:discover_packages(ignore) using defaults
[0.468s] Level 1:colcon.colcon_core.package_discovery:discover_packages(path) discover
[0.468s] Level 1:colcon.colcon_core.package_discovery:discover_packages(path) using defaults
[0.513s] Level 1:colcon.colcon_core.package_discovery:discover_packages(prefix_path) check parameters
[0.513s] Level 1:colcon.colcon_core.package_discovery:discover_packages(prefix_path) discover
[0.517s] DEBUG:colcon.colcon_installed_package_information.package_discovery:Found 1 installed packages in /home/lois/hybrid_robot_ws/install
[0.518s] DEBUG:colcon.colcon_installed_package_information.package_discovery:Found 11 installed packages in /home/lois/ros2_ws/install
[0.521s] DEBUG:colcon.colcon_installed_package_information.package_discovery:Found 481 installed packages in /opt/ros/humble
[0.524s] Level 1:colcon.colcon_core.package_discovery:discover_packages(prefix_path) using defaults
[0.602s] Level 5:colcon.colcon_core.verb:set package 'hybrid_robot_description' build argument 'cmake_args' from command line to 'None'
[0.602s] Level 5:colcon.colcon_core.verb:set package 'hybrid_robot_description' build argument 'cmake_target' from command line to 'None'
[0.602s] Level 5:colcon.colcon_core.verb:set package 'hybrid_robot_description' build argument 'cmake_target_skip_unavailable' from command line to 'False'
[0.602s] Level 5:colcon.colcon_core.verb:set package 'hybrid_robot_description' build argument 'cmake_clean_cache' from command line to 'False'
[0.603s] Level 5:colcon.colcon_core.verb:set package 'hybrid_robot_description' build argument 'cmake_clean_first' from command line to 'False'
[0.603s] Level 5:colcon.colcon_core.verb:set package 'hybrid_robot_description' build argument 'cmake_force_configure' from command line to 'False'
[0.603s] Level 5:colcon.colcon_core.verb:set package 'hybrid_robot_description' build argument 'ament_cmake_args' from command line to 'None'
[0.603s] Level 5:colcon.colcon_core.verb:set package 'hybrid_robot_description' build argument 'catkin_cmake_args' from command line to 'None'
[0.603s] Level 5:colcon.colcon_core.verb:set package 'hybrid_robot_description' build argument 'catkin_skip_building_tests' from command line to 'False'
[0.603s] DEBUG:colcon.colcon_core.verb:Building package 'hybrid_robot_description' with the following arguments: {'ament_cmake_args': None, 'build_base': '/home/lois/hybrid_robot_ws/build/hybrid_robot_description', 'catkin_cmake_args': None, 'catkin_skip_building_tests': False, 'cmake_args': None, 'cmake_clean_cache': False, 'cmake_clean_first': False, 'cmake_force_configure': False, 'cmake_target': None, 'cmake_target_skip_unavailable': False, 'install_base': '/home/lois/hybrid_robot_ws/install/hybrid_robot_description', 'merge_install': False, 'path': '/home/lois/hybrid_robot_ws/src/hybrid_robot_description', 'symlink_install': False, 'test_result_base': None}
[0.603s] INFO:colcon.colcon_core.executor:Executing jobs using 'parallel' executor
[0.604s] DEBUG:colcon.colcon_parallel_executor.executor.parallel:run_until_complete
[0.604s] INFO:colcon.colcon_ros.task.ament_cmake.build:Building ROS package in '/home/lois/hybrid_robot_ws/src/hybrid_robot_description' with build type 'ament_cmake'
[0.605s] INFO:colcon.colcon_cmake.task.cmake.build:Building CMake package in '/home/lois/hybrid_robot_ws/src/hybrid_robot_description'
[0.607s] INFO:colcon.colcon_core.plugin_system:Skipping extension 'colcon_core.shell.bat': Not used on non-Windows systems
[0.607s] INFO:colcon.colcon_core.shell:Skip shell extension 'powershell' for command environment: Not usable outside of PowerShell
[0.608s] DEBUG:colcon.colcon_core.shell:Skip shell extension 'dsv' for command environment
[0.625s] DEBUG:colcon.colcon_core.event_handler.log_command:Invoking command in '/home/lois/hybrid_robot_ws/build/hybrid_robot_description': CMAKE_PREFIX_PATH=${CMAKE_PREFIX_PATH}:/home/lois/ros2_ws/install/rosbot_controller:/home/lois/ros2_ws/install/rosbot_utils:/home/lois/ros2_ws/install/rosbot_gazebo:/home/lois/ros2_ws/install/rosbot_bringup:/home/lois/ros2_ws/install/py_pubsub:/home/lois/ros2_ws/install/my_py_pkg:/opt/ros/humble /usr/bin/cmake --build /home/lois/hybrid_robot_ws/build/hybrid_robot_description -- -j2 -l2
[0.706s] DEBUG:colcon.colcon_core.event_handler.log_command:Invoked command in '/home/lois/hybrid_robot_ws/build/hybrid_robot_description' returned '0': CMAKE_PREFIX_PATH=${CMAKE_PREFIX_PATH}:/home/lois/ros2_ws/install/rosbot_controller:/home/lois/ros2_ws/install/rosbot_utils:/home/lois/ros2_ws/install/rosbot_gazebo:/home/lois/ros2_ws/install/rosbot_bringup:/home/lois/ros2_ws/install/py_pubsub:/home/lois/ros2_ws/install/my_py_pkg:/opt/ros/humble /usr/bin/cmake --build /home/lois/hybrid_robot_ws/build/hybrid_robot_description -- -j2 -l2
[0.734s] DEBUG:colcon.colcon_core.event_handler.log_command:Invoking command in '/home/lois/hybrid_robot_ws/build/hybrid_robot_description': CMAKE_PREFIX_PATH=${CMAKE_PREFIX_PATH}:/home/lois/ros2_ws/install/rosbot_controller:/home/lois/ros2_ws/install/rosbot_utils:/home/lois/ros2_ws/install/rosbot_gazebo:/home/lois/ros2_ws/install/rosbot_bringup:/home/lois/ros2_ws/install/py_pubsub:/home/lois/ros2_ws/install/my_py_pkg:/opt/ros/humble /usr/bin/cmake --install /home/lois/hybrid_robot_ws/build/hybrid_robot_description
[0.753s] Level 1:colcon.colcon_core.environment:create_environment_scripts_only(hybrid_robot_description)
[0.755s] DEBUG:colcon.colcon_core.event_handler.log_command:Invoked command in '/home/lois/hybrid_robot_ws/build/hybrid_robot_description' returned '0': CMAKE_PREFIX_PATH=${CMAKE_PREFIX_PATH}:/home/lois/ros2_ws/install/rosbot_controller:/home/lois/ros2_ws/install/rosbot_utils:/home/lois/ros2_ws/install/rosbot_gazebo:/home/lois/ros2_ws/install/rosbot_bringup:/home/lois/ros2_ws/install/py_pubsub:/home/lois/ros2_ws/install/my_py_pkg:/opt/ros/humble /usr/bin/cmake --install /home/lois/hybrid_robot_ws/build/hybrid_robot_description
[0.757s] Level 1:colcon.colcon_core.environment:checking '/home/lois/hybrid_robot_ws/install/hybrid_robot_description' for CMake module files
[0.757s] Level 1:colcon.colcon_core.environment:checking '/home/lois/hybrid_robot_ws/install/hybrid_robot_description' for CMake config files
[0.757s] Level 1:colcon.colcon_core.shell:create_environment_hook('hybrid_robot_description', 'cmake_prefix_path')
[0.758s] INFO:colcon.colcon_core.shell:Creating environment hook '/home/lois/hybrid_robot_ws/install/hybrid_robot_description/share/hybrid_robot_description/hook/cmake_prefix_path.ps1'
[0.759s] INFO:colcon.colcon_core.shell:Creating environment descriptor '/home/lois/hybrid_robot_ws/install/hybrid_robot_description/share/hybrid_robot_description/hook/cmake_prefix_path.dsv'
[0.760s] INFO:colcon.colcon_core.shell:Creating environment hook '/home/lois/hybrid_robot_ws/install/hybrid_robot_description/share/hybrid_robot_description/hook/cmake_prefix_path.sh'
[0.761s] Level 1:colcon.colcon_core.environment:checking '/home/lois/hybrid_robot_ws/install/hybrid_robot_description/bin'
[0.762s] Level 1:colcon.colcon_core.environment:checking '/home/lois/hybrid_robot_ws/install/hybrid_robot_description/lib/pkgconfig/hybrid_robot_description.pc'
[0.762s] Level 1:colcon.colcon_core.environment:checking '/home/lois/hybrid_robot_ws/install/hybrid_robot_description/lib/python3.10/site-packages'
[0.763s] Level 1:colcon.colcon_core.environment:checking '/home/lois/hybrid_robot_ws/install/hybrid_robot_description/bin'
[0.765s] INFO:colcon.colcon_core.shell:Creating package script '/home/lois/hybrid_robot_ws/install/hybrid_robot_description/share/hybrid_robot_description/package.ps1'
[0.767s] INFO:colcon.colcon_core.shell:Creating package descriptor '/home/lois/hybrid_robot_ws/install/hybrid_robot_description/share/hybrid_robot_description/package.dsv'
[0.768s] INFO:colcon.colcon_core.shell:Creating package script '/home/lois/hybrid_robot_ws/install/hybrid_robot_description/share/hybrid_robot_description/package.sh'
[0.769s] INFO:colcon.colcon_core.shell:Creating package script '/home/lois/hybrid_robot_ws/install/hybrid_robot_description/share/hybrid_robot_description/package.bash'
[0.771s] INFO:colcon.colcon_core.shell:Creating package script '/home/lois/hybrid_robot_ws/install/hybrid_robot_description/share/hybrid_robot_description/package.zsh'
[0.772s] Level 1:colcon.colcon_core.environment:create_file_with_runtime_dependencies(/home/lois/hybrid_robot_ws/install/hybrid_robot_description/share/colcon-core/packages/hybrid_robot_description)
[0.773s] Level 1:colcon.colcon_core.environment:create_environment_scripts_only(hybrid_robot_description)
[0.773s] Level 1:colcon.colcon_core.environment:checking '/home/lois/hybrid_robot_ws/install/hybrid_robot_description' for CMake module files
[0.774s] Level 1:colcon.colcon_core.environment:checking '/home/lois/hybrid_robot_ws/install/hybrid_robot_description' for CMake config files
[0.774s] Level 1:colcon.colcon_core.shell:create_environment_hook('hybrid_robot_description', 'cmake_prefix_path')
[0.775s] INFO:colcon.colcon_core.shell:Creating environment hook '/home/lois/hybrid_robot_ws/install/hybrid_robot_description/share/hybrid_robot_description/hook/cmake_prefix_path.ps1'
[0.775s] INFO:colcon.colcon_core.shell:Creating environment descriptor '/home/lois/hybrid_robot_ws/install/hybrid_robot_description/share/hybrid_robot_description/hook/cmake_prefix_path.dsv'
[0.776s] INFO:colcon.colcon_core.shell:Creating environment hook '/home/lois/hybrid_robot_ws/install/hybrid_robot_description/share/hybrid_robot_description/hook/cmake_prefix_path.sh'
[0.777s] Level 1:colcon.colcon_core.environment:checking '/home/lois/hybrid_robot_ws/install/hybrid_robot_description/bin'
[0.777s] Level 1:colcon.colcon_core.environment:checking '/home/lois/hybrid_robot_ws/install/hybrid_robot_description/lib/pkgconfig/hybrid_robot_description.pc'
[0.777s] Level 1:colcon.colcon_core.environment:checking '/home/lois/hybrid_robot_ws/install/hybrid_robot_description/lib/python3.10/site-packages'
[0.778s] Level 1:colcon.colcon_core.environment:checking '/home/lois/hybrid_robot_ws/install/hybrid_robot_description/bin'
[0.778s] INFO:colcon.colcon_core.shell:Creating package script '/home/lois/hybrid_robot_ws/install/hybrid_robot_description/share/hybrid_robot_description/package.ps1'
[0.779s] INFO:colcon.colcon_core.shell:Creating package descriptor '/home/lois/hybrid_robot_ws/install/hybrid_robot_description/share/hybrid_robot_description/package.dsv'
[0.780s] INFO:colcon.colcon_core.shell:Creating package script '/home/lois/hybrid_robot_ws/install/hybrid_robot_description/share/hybrid_robot_description/package.sh'
[0.782s] INFO:colcon.colcon_core.shell:Creating package script '/home/lois/hybrid_robot_ws/install/hybrid_robot_description/share/hybrid_robot_description/package.bash'
[0.783s] INFO:colcon.colcon_core.shell:Creating package script '/home/lois/hybrid_robot_ws/install/hybrid_robot_description/share/hybrid_robot_description/package.zsh'
[0.784s] Level 1:colcon.colcon_core.environment:create_file_with_runtime_dependencies(/home/lois/hybrid_robot_ws/install/hybrid_robot_description/share/colcon-core/packages/hybrid_robot_description)
[0.785s] DEBUG:colcon.colcon_parallel_executor.executor.parallel:closing loop
[0.785s] DEBUG:colcon.colcon_parallel_executor.executor.parallel:loop closed
[0.785s] DEBUG:colcon.colcon_parallel_executor.executor.parallel:run_until_complete finished with '0'
[0.785s] DEBUG:colcon.colcon_core.event_reactor:joining thread
[0.791s] INFO:colcon.colcon_core.plugin_system:Skipping extension 'colcon_notification.desktop_notification.terminal_notifier': Not used on non-Darwin systems
[0.791s] INFO:colcon.colcon_core.plugin_system:Skipping extension 'colcon_notification.desktop_notification.win32': Not used on non-Windows systems
[0.791s] INFO:colcon.colcon_notification.desktop_notification:Sending desktop notification using 'notify2'
[0.824s] DEBUG:colcon.colcon_core.event_reactor:joined thread
[0.825s] INFO:colcon.colcon_core.shell:Creating prefix script '/home/lois/hybrid_robot_ws/install/local_setup.ps1'
[0.829s] INFO:colcon.colcon_core.shell:Creating prefix util module '/home/lois/hybrid_robot_ws/install/_local_setup_util_ps1.py'
[0.832s] INFO:colcon.colcon_core.shell:Creating prefix chain script '/home/lois/hybrid_robot_ws/install/setup.ps1'
[0.834s] INFO:colcon.colcon_core.shell:Creating prefix script '/home/lois/hybrid_robot_ws/install/local_setup.sh'
[0.835s] INFO:colcon.colcon_core.shell:Creating prefix util module '/home/lois/hybrid_robot_ws/install/_local_setup_util_sh.py'
[0.836s] INFO:colcon.colcon_core.shell:Creating prefix chain script '/home/lois/hybrid_robot_ws/install/setup.sh'
[0.839s] INFO:colcon.colcon_core.shell:Creating prefix script '/home/lois/hybrid_robot_ws/install/local_setup.bash'
[0.841s] INFO:colcon.colcon_core.shell:Creating prefix chain script '/home/lois/hybrid_robot_ws/install/setup.bash'
[0.846s] INFO:colcon.colcon_core.shell:Creating prefix script '/home/lois/hybrid_robot_ws/install/local_setup.zsh'
[0.847s] INFO:colcon.colcon_core.shell:Creating prefix chain script '/home/lois/hybrid_robot_ws/install/setup.zsh'
