[0.053s] Invoking command in '/home/lois/hybrid_robot_ws/build/hybrid_robot_description': CMAKE_PREFIX_PATH=${CMAKE_PREFIX_PATH}:/home/lois/ros2_ws/install/rosbot_controller:/home/lois/ros2_ws/install/rosbot_utils:/home/lois/ros2_ws/install/rosbot_gazebo:/home/lois/ros2_ws/install/rosbot_bringup:/home/lois/ros2_ws/install/py_pubsub:/home/lois/ros2_ws/install/my_py_pkg:/opt/ros/humble /usr/bin/cmake --build /home/lois/hybrid_robot_ws/build/hybrid_robot_description -- -j2 -l2
[0.132s] -- Found ament_cmake: 1.3.12 (/opt/ros/humble/share/ament_cmake/cmake)
[0.500s] -- Found rclcpp: 16.0.15 (/opt/ros/humble/share/rclcpp/cmake)
[0.583s] -- Found rosidl_generator_c: 3.1.7 (/opt/ros/humble/share/rosidl_generator_c/cmake)
[0.591s] -- Found rosidl_adapter: 3.1.7 (/opt/ros/humble/share/rosidl_adapter/cmake)
[0.605s] -- Found rosidl_generator_cpp: 3.1.7 (/opt/ros/humble/share/rosidl_generator_cpp/cmake)
[0.628s] -- Using all available rosidl_typesupport_c: rosidl_typesupport_fastrtps_c;rosidl_typesupport_introspection_c
[0.657s] -- Using all available rosidl_typesupport_cpp: rosidl_typesupport_fastrtps_cpp;rosidl_typesupport_introspection_cpp
[0.734s] -- Found rmw_implementation_cmake: 6.1.2 (/opt/ros/humble/share/rmw_implementation_cmake/cmake)
[0.741s] -- Found rmw_fastrtps_cpp: 6.2.9 (/opt/ros/humble/share/rmw_fastrtps_cpp/cmake)
[0.989s] -- Using RMW implementation 'rmw_fastrtps_cpp' as default
[1.083s] -- Found gazebo_ros: 3.9.0 (/opt/ros/humble/share/gazebo_ros/cmake)
[1.150s] -- Found DART: /usr/include (Required is at least version "6.6") found components: dart 
[1.213s] -- Found Protobuf: /usr/lib/x86_64-linux-gnu/libprotobuf.so (found version "3.12.4") 
[1.215s] -- Looking for ignition-math6 -- found version 6.15.1
[1.223s] -- Searching for dependencies of ignition-math6
[1.227s] -- Looking for OGRE...
[1.240s] -- Found Ogre Ghadamon (1.9.0)
[1.241s] -- Found OGRE: optimized;/usr/lib/x86_64-linux-gnu/libOgreMain.so;debug;/usr/lib/x86_64-linux-gnu/libOgreMain.so
[1.261s] -- Looking for OGRE_Paging...
[1.261s] -- Found OGRE_Paging: optimized;/usr/lib/x86_64-linux-gnu/libOgrePaging.so;debug;/usr/lib/x86_64-linux-gnu/libOgrePaging.so
[1.261s] -- Looking for OGRE_Terrain...
[1.261s] -- Found OGRE_Terrain: optimized;/usr/lib/x86_64-linux-gnu/libOgreTerrain.so;debug;/usr/lib/x86_64-linux-gnu/libOgreTerrain.so
[1.262s] -- Looking for OGRE_Property...
[1.262s] -- Found OGRE_Property: optimized;/usr/lib/x86_64-linux-gnu/libOgreProperty.so;debug;/usr/lib/x86_64-linux-gnu/libOgreProperty.so
[1.262s] -- Looking for OGRE_RTShaderSystem...
[1.265s] -- Found OGRE_RTShaderSystem: optimized;/usr/lib/x86_64-linux-gnu/libOgreRTShaderSystem.so;debug;/usr/lib/x86_64-linux-gnu/libOgreRTShaderSystem.so
[1.265s] -- Looking for OGRE_Volume...
[1.265s] -- Found OGRE_Volume: optimized;/usr/lib/x86_64-linux-gnu/libOgreVolume.so;debug;/usr/lib/x86_64-linux-gnu/libOgreVolume.so
[1.265s] -- Looking for OGRE_Overlay...
[1.265s] -- Found OGRE_Overlay: optimized;/usr/lib/x86_64-linux-gnu/libOgreOverlay.so;debug;/usr/lib/x86_64-linux-gnu/libOgreOverlay.so
[1.554s] -- Looking for ignition-math6 -- found version 6.15.1
[1.555s] -- Looking for ignition-transport8 -- found version 8.2.1
[1.556s] -- Searching for dependencies of ignition-transport8
[1.594s] -- Found Protobuf: /usr/lib/x86_64-linux-gnu/libprotobuf.so (found suitable version "3.12.4", minimum required is "3") 
[1.625s] -- Config-file not installed for ZeroMQ -- checking for pkg-config
[1.636s] -- Checking for module 'libzmq >= 4'
[1.683s] --   Found libzmq , version 4.3.4
[1.800s] -- Checking for module 'uuid'
[1.833s] --   Found uuid, version 2.37.2
[1.912s] -- Looking for ignition-msgs5 -- found version 5.8.1
[1.913s] -- Searching for dependencies of ignition-msgs5
[1.946s] -- Looking for ignition-math6 -- found version 6.15.1
[1.957s] -- Checking for module 'tinyxml2'
[1.994s] --   Found tinyxml2, version 9.0.0
[2.063s] -- Looking for ignition-msgs5 -- found version 5.8.1
[2.063s] -- Looking for ignition-common3 -- found version 3.14.0
[2.065s] -- Searching for dependencies of ignition-common3
[2.069s] -- Looking for dlfcn.h - found
[2.070s] -- Looking for libdl - found
[2.097s] -- Searching for <ignition-common3> component [graphics]
[2.098s] -- Looking for ignition-common3-graphics -- found version 3.14.0
[2.100s] -- Searching for dependencies of ignition-common3-graphics
[2.100s] -- Looking for ignition-math6 -- found version 6.15.1
[2.104s] -- Looking for ignition-fuel_tools4 -- found version 4.4.0
[2.105s] -- Searching for dependencies of ignition-fuel_tools4
[2.194s] -- Checking for module 'jsoncpp'
[2.225s] --   Found jsoncpp, version 1.9.5
[2.317s] -- Checking for module 'libzip'
[2.345s] --   Found libzip, version 1.7.3
[2.418s] -- Looking for ignition-common3 -- found version 3.14.0
[2.418s] -- Looking for ignition-math6 -- found version 6.15.1
[2.419s] -- Looking for ignition-msgs5 -- found version 5.8.1
[2.426s] -- Gazebo version: 11.10
[2.430s] -- Found ament_lint_auto: 0.12.14 (/opt/ros/humble/share/ament_lint_auto/cmake)
[2.432s] [31mCMake Error at CMakeLists.txt:29 (install):
[2.432s]   install DIRECTORY given unknown argument "DIRECTORY".
[2.433s] 
[2.433s] [0m
[2.612s] -- Added test 'flake8' to check Python code syntax and style conventions
[2.613s] -- Added test 'lint_cmake' to check CMake code style
[2.613s] -- Added test 'pep257' to check Python code against some of the docstring style conventions in PEP 257
[2.615s] -- Added test 'xmllint' to check XML markup files
[2.616s] -- Configuring incomplete, errors occurred!
[2.616s] See also "/home/lois/hybrid_robot_ws/build/hybrid_robot_description/CMakeFiles/CMakeOutput.log".
[2.637s] gmake: *** [Makefile:226: cmake_check_build_system] Error 1
[2.643s] Invoked command in '/home/lois/hybrid_robot_ws/build/hybrid_robot_description' returned '2': CMAKE_PREFIX_PATH=${CMAKE_PREFIX_PATH}:/home/lois/ros2_ws/install/rosbot_controller:/home/lois/ros2_ws/install/rosbot_utils:/home/lois/ros2_ws/install/rosbot_gazebo:/home/lois/ros2_ws/install/rosbot_bringup:/home/lois/ros2_ws/install/py_pubsub:/home/lois/ros2_ws/install/my_py_pkg:/opt/ros/humble /usr/bin/cmake --build /home/lois/hybrid_robot_ws/build/hybrid_robot_description -- -j2 -l2
