[0.047s] Invoking command in '/home/lois/hybrid_robot_ws/build/hybrid_robot_description': CMAKE_PREFIX_PATH=${CMAKE_PREFIX_PATH}:/home/lois/ros2_ws/install/rosbot_controller:/home/lois/ros2_ws/install/rosbot_utils:/home/lois/ros2_ws/install/rosbot_gazebo:/home/lois/ros2_ws/install/rosbot_bringup:/home/lois/ros2_ws/install/py_pubsub:/home/lois/ros2_ws/install/my_py_pkg:/opt/ros/humble /usr/bin/cmake /home/lois/hybrid_robot_ws/src/hybrid_robot_description -DCMAKE_INSTALL_PREFIX=/home/lois/hybrid_robot_ws/install/hybrid_robot_description
[0.515s] -- The C compiler identification is GNU 11.4.0
[0.923s] -- The CXX compiler identification is GNU 11.4.0
[0.985s] -- Detecting C compiler ABI info
[1.244s] -- Detecting C compiler ABI info - done
[1.263s] -- Check for working C compiler: /usr/bin/cc - skipped
[1.265s] -- Detecting C compile features
[1.268s] -- Detecting C compile features - done
[1.285s] -- Detecting CXX compiler ABI info
[1.508s] -- Detecting CXX compiler ABI info - done
[1.535s] -- Check for working CXX compiler: /usr/bin/c++ - skipped
[1.536s] -- Detecting CXX compile features
[1.543s] -- Detecting CXX compile features - done
[1.571s] -- Found ament_cmake: 1.3.12 (/opt/ros/humble/share/ament_cmake/cmake)
[2.080s] -- Found Python3: /usr/bin/python3 (found version "3.10.12") found components: Interpreter 
[2.592s] -- Found rclcpp: 16.0.15 (/opt/ros/humble/share/rclcpp/cmake)
[2.861s] -- Found rosidl_generator_c: 3.1.7 (/opt/ros/humble/share/rosidl_generator_c/cmake)
[2.884s] -- Found rosidl_adapter: 3.1.7 (/opt/ros/humble/share/rosidl_adapter/cmake)
[2.920s] -- Found rosidl_generator_cpp: 3.1.7 (/opt/ros/humble/share/rosidl_generator_cpp/cmake)
[2.966s] -- Using all available rosidl_typesupport_c: rosidl_typesupport_fastrtps_c;rosidl_typesupport_introspection_c
[3.034s] -- Using all available rosidl_typesupport_cpp: rosidl_typesupport_fastrtps_cpp;rosidl_typesupport_introspection_cpp
[3.260s] -- Found rmw_implementation_cmake: 6.1.2 (/opt/ros/humble/share/rmw_implementation_cmake/cmake)
[3.269s] -- Found rmw_fastrtps_cpp: 6.2.9 (/opt/ros/humble/share/rmw_fastrtps_cpp/cmake)
[3.493s] -- Found OpenSSL: /usr/lib/x86_64-linux-gnu/libcrypto.so (found version "3.0.2")  
[3.546s] -- Found FastRTPS: /opt/ros/humble/include  
[3.618s] -- Using RMW implementation 'rmw_fastrtps_cpp' as default
[3.650s] -- Looking for pthread.h
[3.839s] -- Looking for pthread.h - found
[3.840s] -- Performing Test CMAKE_HAVE_LIBC_PTHREAD
[3.975s] -- Performing Test CMAKE_HAVE_LIBC_PTHREAD - Success
[3.978s] -- Found Threads: TRUE  
[4.173s] -- Configuring incomplete, errors occurred!
[4.174s] [31mCMake Error at CMakeLists.txt:11 (find_package):
[4.174s]   By not providing "Findgazebo_ros.cmake" in CMAKE_MODULE_PATH this project
[4.174s]   has asked CMake to find a package configuration file provided by
[4.174s]   "gazebo_ros", but CMake did not find one.
[4.174s] 
[4.174s]   Could not find a package configuration file provided by "gazebo_ros" with
[4.174s]   any of the following names:
[4.175s] 
[4.175s]     gazebo_rosConfig.cmake
[4.175s]     gazebo_ros-config.cmake
[4.175s] 
[4.175s]   Add the installation prefix of "gazebo_ros" to CMAKE_PREFIX_PATH or set
[4.175s]   "gazebo_ros_DIR" to a directory containing one of the above files.  If
[4.175s]   "gazebo_ros" provides a separate development package or SDK, be sure it has
[4.176s]   been installed.
[4.176s] 
[4.176s] [0m
[4.176s] See also "/home/lois/hybrid_robot_ws/build/hybrid_robot_description/CMakeFiles/CMakeOutput.log".
[4.185s] Invoked command in '/home/lois/hybrid_robot_ws/build/hybrid_robot_description' returned '1': CMAKE_PREFIX_PATH=${CMAKE_PREFIX_PATH}:/home/lois/ros2_ws/install/rosbot_controller:/home/lois/ros2_ws/install/rosbot_utils:/home/lois/ros2_ws/install/rosbot_gazebo:/home/lois/ros2_ws/install/rosbot_bringup:/home/lois/ros2_ws/install/py_pubsub:/home/lois/ros2_ws/install/my_py_pkg:/opt/ros/humble /usr/bin/cmake /home/lois/hybrid_robot_ws/src/hybrid_robot_description -DCMAKE_INSTALL_PREFIX=/home/lois/hybrid_robot_ws/install/hybrid_robot_description
