[0.044s] Invoking command in '/home/lois/hybrid_robot_ws/build/hybrid_robot_description': CMAKE_PREFIX_PATH=${CMAKE_PREFIX_PATH}:/home/lois/ros2_ws/install/rosbot_controller:/home/lois/ros2_ws/install/rosbot_utils:/home/lois/ros2_ws/install/rosbot_gazebo:/home/lois/ros2_ws/install/rosbot_bringup:/home/lois/ros2_ws/install/py_pubsub:/home/lois/ros2_ws/install/my_py_pkg:/opt/ros/humble /usr/bin/cmake --build /home/lois/hybrid_robot_ws/build/hybrid_robot_description -- -j2 -l2
[0.086s] -- Found ament_cmake: 1.3.12 (/opt/ros/humble/share/ament_cmake/cmake)
[0.500s] -- Found rclcpp: 16.0.15 (/opt/ros/humble/share/rclcpp/cmake)
[0.579s] -- Found rosidl_generator_c: 3.1.7 (/opt/ros/humble/share/rosidl_generator_c/cmake)
[0.594s] -- Found rosidl_adapter: 3.1.7 (/opt/ros/humble/share/rosidl_adapter/cmake)
[0.613s] -- Found rosidl_generator_cpp: 3.1.7 (/opt/ros/humble/share/rosidl_generator_cpp/cmake)
[0.644s] -- Using all available rosidl_typesupport_c: rosidl_typesupport_fastrtps_c;rosidl_typesupport_introspection_c
[0.682s] -- Using all available rosidl_typesupport_cpp: rosidl_typesupport_fastrtps_cpp;rosidl_typesupport_introspection_cpp
[0.779s] -- Found rmw_implementation_cmake: 6.1.2 (/opt/ros/humble/share/rmw_implementation_cmake/cmake)
[0.783s] -- Found rmw_fastrtps_cpp: 6.2.9 (/opt/ros/humble/share/rmw_fastrtps_cpp/cmake)
[1.050s] -- Using RMW implementation 'rmw_fastrtps_cpp' as default
[1.163s] -- Found gazebo_ros: 3.9.0 (/opt/ros/humble/share/gazebo_ros/cmake)
[1.219s] -- Found DART: /usr/include (Required is at least version "6.6") found components: dart 
[1.291s] -- Found Protobuf: /usr/lib/x86_64-linux-gnu/libprotobuf.so (found version "3.12.4") 
[1.294s] -- Looking for ignition-math6 -- found version 6.15.1
[1.301s] -- Searching for dependencies of ignition-math6
[1.307s] -- Looking for OGRE...
[1.317s] -- Found Ogre Ghadamon (1.9.0)
[1.318s] -- Found OGRE: optimized;/usr/lib/x86_64-linux-gnu/libOgreMain.so;debug;/usr/lib/x86_64-linux-gnu/libOgreMain.so
[1.342s] -- Looking for OGRE_Paging...
[1.342s] -- Found OGRE_Paging: optimized;/usr/lib/x86_64-linux-gnu/libOgrePaging.so;debug;/usr/lib/x86_64-linux-gnu/libOgrePaging.so
[1.342s] -- Looking for OGRE_Terrain...
[1.342s] -- Found OGRE_Terrain: optimized;/usr/lib/x86_64-linux-gnu/libOgreTerrain.so;debug;/usr/lib/x86_64-linux-gnu/libOgreTerrain.so
[1.342s] -- Looking for OGRE_Property...
[1.343s] -- Found OGRE_Property: optimized;/usr/lib/x86_64-linux-gnu/libOgreProperty.so;debug;/usr/lib/x86_64-linux-gnu/libOgreProperty.so
[1.344s] -- Looking for OGRE_RTShaderSystem...
[1.345s] -- Found OGRE_RTShaderSystem: optimized;/usr/lib/x86_64-linux-gnu/libOgreRTShaderSystem.so;debug;/usr/lib/x86_64-linux-gnu/libOgreRTShaderSystem.so
[1.349s] -- Looking for OGRE_Volume...
[1.349s] -- Found OGRE_Volume: optimized;/usr/lib/x86_64-linux-gnu/libOgreVolume.so;debug;/usr/lib/x86_64-linux-gnu/libOgreVolume.so
[1.349s] -- Looking for OGRE_Overlay...
[1.349s] -- Found OGRE_Overlay: optimized;/usr/lib/x86_64-linux-gnu/libOgreOverlay.so;debug;/usr/lib/x86_64-linux-gnu/libOgreOverlay.so
[1.665s] -- Looking for ignition-math6 -- found version 6.15.1
[1.665s] -- Looking for ignition-transport8 -- found version 8.2.1
[1.667s] -- Searching for dependencies of ignition-transport8
[1.697s] -- Found Protobuf: /usr/lib/x86_64-linux-gnu/libprotobuf.so (found suitable version "3.12.4", minimum required is "3") 
[1.717s] -- Config-file not installed for ZeroMQ -- checking for pkg-config
[1.733s] -- Checking for module 'libzmq >= 4'
[1.783s] --   Found libzmq , version 4.3.4
[1.901s] -- Checking for module 'uuid'
[1.942s] --   Found uuid, version 2.37.2
[2.056s] -- Looking for ignition-msgs5 -- found version 5.8.1
[2.056s] -- Searching for dependencies of ignition-msgs5
[2.099s] -- Looking for ignition-math6 -- found version 6.15.1
[2.112s] -- Checking for module 'tinyxml2'
[2.138s] --   Found tinyxml2, version 9.0.0
[2.213s] -- Looking for ignition-msgs5 -- found version 5.8.1
[2.215s] -- Looking for ignition-common3 -- found version 3.14.0
[2.216s] -- Searching for dependencies of ignition-common3
[2.217s] -- Looking for dlfcn.h - found
[2.218s] -- Looking for libdl - found
[2.248s] -- Searching for <ignition-common3> component [graphics]
[2.251s] -- Looking for ignition-common3-graphics -- found version 3.14.0
[2.251s] -- Searching for dependencies of ignition-common3-graphics
[2.256s] -- Looking for ignition-math6 -- found version 6.15.1
[2.256s] -- Looking for ignition-fuel_tools4 -- found version 4.4.0
[2.257s] -- Searching for dependencies of ignition-fuel_tools4
[2.363s] -- Checking for module 'jsoncpp'
[2.413s] --   Found jsoncpp, version 1.9.5
[2.542s] -- Checking for module 'libzip'
[2.594s] --   Found libzip, version 1.7.3
[2.710s] -- Looking for ignition-common3 -- found version 3.14.0
[2.713s] -- Looking for ignition-math6 -- found version 6.15.1
[2.714s] -- Looking for ignition-msgs5 -- found version 5.8.1
[2.717s] -- Gazebo version: 11.10
[2.720s] -- Found ament_lint_auto: 0.12.14 (/opt/ros/humble/share/ament_lint_auto/cmake)
[2.903s] -- Added test 'flake8' to check Python code syntax and style conventions
[2.905s] -- Added test 'lint_cmake' to check CMake code style
[2.909s] -- Added test 'pep257' to check Python code against some of the docstring style conventions in PEP 257
[2.912s] -- Added test 'xmllint' to check XML markup files
[2.914s] -- Configuring done
[2.925s] -- Generating done
[2.934s] -- Build files have been written to: /home/lois/hybrid_robot_ws/build/hybrid_robot_description
[3.006s] Invoked command in '/home/lois/hybrid_robot_ws/build/hybrid_robot_description' returned '0': CMAKE_PREFIX_PATH=${CMAKE_PREFIX_PATH}:/home/lois/ros2_ws/install/rosbot_controller:/home/lois/ros2_ws/install/rosbot_utils:/home/lois/ros2_ws/install/rosbot_gazebo:/home/lois/ros2_ws/install/rosbot_bringup:/home/lois/ros2_ws/install/py_pubsub:/home/lois/ros2_ws/install/my_py_pkg:/opt/ros/humble /usr/bin/cmake --build /home/lois/hybrid_robot_ws/build/hybrid_robot_description -- -j2 -l2
[3.034s] Invoking command in '/home/lois/hybrid_robot_ws/build/hybrid_robot_description': CMAKE_PREFIX_PATH=${CMAKE_PREFIX_PATH}:/home/lois/ros2_ws/install/rosbot_controller:/home/lois/ros2_ws/install/rosbot_utils:/home/lois/ros2_ws/install/rosbot_gazebo:/home/lois/ros2_ws/install/rosbot_bringup:/home/lois/ros2_ws/install/py_pubsub:/home/lois/ros2_ws/install/my_py_pkg:/opt/ros/humble /usr/bin/cmake --install /home/lois/hybrid_robot_ws/build/hybrid_robot_description
[3.050s] -- Install configuration: ""
[3.050s] -- Up-to-date: /home/lois/hybrid_robot_ws/install/hybrid_robot_description/share/hybrid_robot_description/worlds
[3.050s] -- Installing: /home/lois/hybrid_robot_ws/install/hybrid_robot_description/share/hybrid_robot_description/worlds/hybrid_map.world
[3.050s] -- Up-to-date: /home/lois/hybrid_robot_ws/install/hybrid_robot_description/share/hybrid_robot_description/launch
[3.050s] -- Up-to-date: /home/lois/hybrid_robot_ws/install/hybrid_robot_description/share/hybrid_robot_description/launch/launch_world.launch.py
[3.050s] -- Up-to-date: /home/lois/hybrid_robot_ws/install/hybrid_robot_description/share/ament_index/resource_index/package_run_dependencies/hybrid_robot_description
[3.051s] -- Up-to-date: /home/lois/hybrid_robot_ws/install/hybrid_robot_description/share/ament_index/resource_index/parent_prefix_path/hybrid_robot_description
[3.051s] -- Up-to-date: /home/lois/hybrid_robot_ws/install/hybrid_robot_description/share/hybrid_robot_description/environment/ament_prefix_path.sh
[3.051s] -- Installing: /home/lois/hybrid_robot_ws/install/hybrid_robot_description/share/hybrid_robot_description/environment/ament_prefix_path.dsv
[3.052s] -- Up-to-date: /home/lois/hybrid_robot_ws/install/hybrid_robot_description/share/hybrid_robot_description/environment/path.sh
[3.052s] -- Installing: /home/lois/hybrid_robot_ws/install/hybrid_robot_description/share/hybrid_robot_description/environment/path.dsv
[3.052s] -- Up-to-date: /home/lois/hybrid_robot_ws/install/hybrid_robot_description/share/hybrid_robot_description/local_setup.bash
[3.053s] -- Up-to-date: /home/lois/hybrid_robot_ws/install/hybrid_robot_description/share/hybrid_robot_description/local_setup.sh
[3.053s] -- Up-to-date: /home/lois/hybrid_robot_ws/install/hybrid_robot_description/share/hybrid_robot_description/local_setup.zsh
[3.053s] -- Installing: /home/lois/hybrid_robot_ws/install/hybrid_robot_description/share/hybrid_robot_description/local_setup.dsv
[3.055s] -- Installing: /home/lois/hybrid_robot_ws/install/hybrid_robot_description/share/hybrid_robot_description/package.dsv
[3.056s] -- Up-to-date: /home/lois/hybrid_robot_ws/install/hybrid_robot_description/share/ament_index/resource_index/packages/hybrid_robot_description
[3.058s] -- Up-to-date: /home/lois/hybrid_robot_ws/install/hybrid_robot_description/share/hybrid_robot_description/cmake/hybrid_robot_descriptionConfig.cmake
[3.060s] -- Up-to-date: /home/lois/hybrid_robot_ws/install/hybrid_robot_description/share/hybrid_robot_description/cmake/hybrid_robot_descriptionConfig-version.cmake
[3.060s] -- Up-to-date: /home/lois/hybrid_robot_ws/install/hybrid_robot_description/share/hybrid_robot_description/package.xml
[3.069s] Invoked command in '/home/lois/hybrid_robot_ws/build/hybrid_robot_description' returned '0': CMAKE_PREFIX_PATH=${CMAKE_PREFIX_PATH}:/home/lois/ros2_ws/install/rosbot_controller:/home/lois/ros2_ws/install/rosbot_utils:/home/lois/ros2_ws/install/rosbot_gazebo:/home/lois/ros2_ws/install/rosbot_bringup:/home/lois/ros2_ws/install/py_pubsub:/home/lois/ros2_ws/install/my_py_pkg:/opt/ros/humble /usr/bin/cmake --install /home/lois/hybrid_robot_ws/build/hybrid_robot_description
