[0.042s] Invoking command in '/home/lois/hybrid_robot_ws/build/hybrid_robot_description': CMAKE_PREFIX_PATH=${CMAKE_PREFIX_PATH}:/home/lois/ros2_ws/install/rosbot_controller:/home/lois/ros2_ws/install/rosbot_utils:/home/lois/ros2_ws/install/rosbot_gazebo:/home/lois/ros2_ws/install/rosbot_bringup:/home/lois/ros2_ws/install/py_pubsub:/home/lois/ros2_ws/install/my_py_pkg:/opt/ros/humble /usr/bin/cmake --build /home/lois/hybrid_robot_ws/build/hybrid_robot_description -- -j2 -l2
[0.153s] Invoked command in '/home/lois/hybrid_robot_ws/build/hybrid_robot_description' returned '0': CMAKE_PREFIX_PATH=${CMAKE_PREFIX_PATH}:/home/lois/ros2_ws/install/rosbot_controller:/home/lois/ros2_ws/install/rosbot_utils:/home/lois/ros2_ws/install/rosbot_gazebo:/home/lois/ros2_ws/install/rosbot_bringup:/home/lois/ros2_ws/install/py_pubsub:/home/lois/ros2_ws/install/my_py_pkg:/opt/ros/humble /usr/bin/cmake --build /home/lois/hybrid_robot_ws/build/hybrid_robot_description -- -j2 -l2
[0.191s] Invoking command in '/home/lois/hybrid_robot_ws/build/hybrid_robot_description': CMAKE_PREFIX_PATH=${CMAKE_PREFIX_PATH}:/home/lois/ros2_ws/install/rosbot_controller:/home/lois/ros2_ws/install/rosbot_utils:/home/lois/ros2_ws/install/rosbot_gazebo:/home/lois/ros2_ws/install/rosbot_bringup:/home/lois/ros2_ws/install/py_pubsub:/home/lois/ros2_ws/install/my_py_pkg:/opt/ros/humble /usr/bin/cmake --install /home/lois/hybrid_robot_ws/build/hybrid_robot_description
[0.207s] -- Install configuration: ""
[0.207s] -- Up-to-date: /home/lois/hybrid_robot_ws/install/hybrid_robot_description/share/hybrid_robot_description/worlds
[0.207s] -- Up-to-date: /home/lois/hybrid_robot_ws/install/hybrid_robot_description/share/hybrid_robot_description/worlds/hybrid_map.world
[0.207s] -- Up-to-date: /home/lois/hybrid_robot_ws/install/hybrid_robot_description/share/hybrid_robot_description/launch
[0.207s] -- Up-to-date: /home/lois/hybrid_robot_ws/install/hybrid_robot_description/share/hybrid_robot_description/launch/launch_world.launch.py
[0.208s] -- Up-to-date: /home/lois/hybrid_robot_ws/install/hybrid_robot_description/share/hybrid_robot_description/models
[0.208s] -- Up-to-date: /home/lois/hybrid_robot_ws/install/hybrid_robot_description/share/hybrid_robot_description/models/entrance_door
[0.208s] -- Up-to-date: /home/lois/hybrid_robot_ws/install/hybrid_robot_description/share/hybrid_robot_description/models/entrance_door/model.config
[0.208s] -- Up-to-date: /home/lois/hybrid_robot_ws/install/hybrid_robot_description/share/hybrid_robot_description/models/entrance_door/meshes
[0.208s] -- Up-to-date: /home/lois/hybrid_robot_ws/install/hybrid_robot_description/share/hybrid_robot_description/models/entrance_door/model.sdf
[0.208s] -- Up-to-date: /home/lois/hybrid_robot_ws/install/hybrid_robot_description/share/ament_index/resource_index/package_run_dependencies/hybrid_robot_description
[0.209s] -- Up-to-date: /home/lois/hybrid_robot_ws/install/hybrid_robot_description/share/ament_index/resource_index/parent_prefix_path/hybrid_robot_description
[0.209s] -- Up-to-date: /home/lois/hybrid_robot_ws/install/hybrid_robot_description/share/hybrid_robot_description/environment/ament_prefix_path.sh
[0.209s] -- Up-to-date: /home/lois/hybrid_robot_ws/install/hybrid_robot_description/share/hybrid_robot_description/environment/ament_prefix_path.dsv
[0.209s] -- Up-to-date: /home/lois/hybrid_robot_ws/install/hybrid_robot_description/share/hybrid_robot_description/environment/path.sh
[0.209s] -- Up-to-date: /home/lois/hybrid_robot_ws/install/hybrid_robot_description/share/hybrid_robot_description/environment/path.dsv
[0.209s] -- Up-to-date: /home/lois/hybrid_robot_ws/install/hybrid_robot_description/share/hybrid_robot_description/local_setup.bash
[0.210s] -- Up-to-date: /home/lois/hybrid_robot_ws/install/hybrid_robot_description/share/hybrid_robot_description/local_setup.sh
[0.210s] -- Up-to-date: /home/lois/hybrid_robot_ws/install/hybrid_robot_description/share/hybrid_robot_description/local_setup.zsh
[0.210s] -- Up-to-date: /home/lois/hybrid_robot_ws/install/hybrid_robot_description/share/hybrid_robot_description/local_setup.dsv
[0.210s] -- Up-to-date: /home/lois/hybrid_robot_ws/install/hybrid_robot_description/share/hybrid_robot_description/package.dsv
[0.211s] -- Up-to-date: /home/lois/hybrid_robot_ws/install/hybrid_robot_description/share/ament_index/resource_index/packages/hybrid_robot_description
[0.211s] -- Up-to-date: /home/lois/hybrid_robot_ws/install/hybrid_robot_description/share/hybrid_robot_description/cmake/hybrid_robot_descriptionConfig.cmake
[0.211s] -- Up-to-date: /home/lois/hybrid_robot_ws/install/hybrid_robot_description/share/hybrid_robot_description/cmake/hybrid_robot_descriptionConfig-version.cmake
[0.211s] -- Up-to-date: /home/lois/hybrid_robot_ws/install/hybrid_robot_description/share/hybrid_robot_description/package.xml
[0.216s] Invoked command in '/home/lois/hybrid_robot_ws/build/hybrid_robot_description' returned '0': CMAKE_PREFIX_PATH=${CMAKE_PREFIX_PATH}:/home/lois/ros2_ws/install/rosbot_controller:/home/lois/ros2_ws/install/rosbot_utils:/home/lois/ros2_ws/install/rosbot_gazebo:/home/lois/ros2_ws/install/rosbot_bringup:/home/lois/ros2_ws/install/py_pubsub:/home/lois/ros2_ws/install/my_py_pkg:/opt/ros/humble /usr/bin/cmake --install /home/lois/hybrid_robot_ws/build/hybrid_robot_description
