[0.045s] Invoking command in '/home/lois/hybrid_robot_ws/build/hybrid_robot_description': CMAKE_PREFIX_PATH=${CMAKE_PREFIX_PATH}:/home/lois/ros2_ws/install/rosbot_controller:/home/lois/ros2_ws/install/rosbot_utils:/home/lois/ros2_ws/install/rosbot_gazebo:/home/lois/ros2_ws/install/rosbot_bringup:/home/lois/ros2_ws/install/py_pubsub:/home/lois/ros2_ws/install/my_py_pkg:/opt/ros/humble /usr/bin/cmake --build /home/lois/hybrid_robot_ws/build/hybrid_robot_description -- -j2 -l2
[0.084s] [33mCMake Warning (dev) in CMakeLists.txt:
[0.085s]   No project() command is present.  The top-level CMakeLists.txt file must
[0.085s]   contain a literal, direct call to the project() command.  Add a line of
[0.085s]   code such as
[0.085s] 
[0.086s]     project(ProjectName)
[0.086s] 
[0.086s]   near the top of the file, but after cmake_minimum_required().
[0.086s] 
[0.086s]   CMake is pretending there is a "project(Project)" command on the first
[0.086s]   line.
[0.086s] This warning is for project developers.  Use -Wno-dev to suppress it.
[0.086s] [0m
[0.091s] -- Found ament_cmake: 1.3.12 (/opt/ros/humble/share/ament_cmake/cmake)
[0.474s] -- Found rclcpp: 16.0.15 (/opt/ros/humble/share/rclcpp/cmake)
[0.560s] -- Found rosidl_generator_c: 3.1.7 (/opt/ros/humble/share/rosidl_generator_c/cmake)
[0.568s] -- Found rosidl_adapter: 3.1.7 (/opt/ros/humble/share/rosidl_adapter/cmake)
[0.579s] -- Found rosidl_generator_cpp: 3.1.7 (/opt/ros/humble/share/rosidl_generator_cpp/cmake)
[0.591s] -- Using all available rosidl_typesupport_c: rosidl_typesupport_fastrtps_c;rosidl_typesupport_introspection_c
[0.613s] -- Using all available rosidl_typesupport_cpp: rosidl_typesupport_fastrtps_cpp;rosidl_typesupport_introspection_cpp
[0.673s] -- Found rmw_implementation_cmake: 6.1.2 (/opt/ros/humble/share/rmw_implementation_cmake/cmake)
[0.677s] -- Found rmw_fastrtps_cpp: 6.2.9 (/opt/ros/humble/share/rmw_fastrtps_cpp/cmake)
[0.955s] -- Using RMW implementation 'rmw_fastrtps_cpp' as default
[1.068s] -- Found gazebo_ros: 3.9.0 (/opt/ros/humble/share/gazebo_ros/cmake)
[1.124s] -- Found DART: /usr/include (Required is at least version "6.6") found components: dart 
[1.177s] -- Found Protobuf: /usr/lib/x86_64-linux-gnu/libprotobuf.so (found version "3.12.4") 
[1.180s] -- Looking for ignition-math6 -- found version 6.15.1
[1.194s] -- Searching for dependencies of ignition-math6
[1.196s] -- Looking for OGRE...
[1.208s] -- Found Ogre Ghadamon (1.9.0)
[1.208s] -- Found OGRE: optimized;/usr/lib/x86_64-linux-gnu/libOgreMain.so;debug;/usr/lib/x86_64-linux-gnu/libOgreMain.so
[1.225s] -- Looking for OGRE_Paging...
[1.226s] -- Found OGRE_Paging: optimized;/usr/lib/x86_64-linux-gnu/libOgrePaging.so;debug;/usr/lib/x86_64-linux-gnu/libOgrePaging.so
[1.226s] -- Looking for OGRE_Terrain...
[1.226s] -- Found OGRE_Terrain: optimized;/usr/lib/x86_64-linux-gnu/libOgreTerrain.so;debug;/usr/lib/x86_64-linux-gnu/libOgreTerrain.so
[1.226s] -- Looking for OGRE_Property...
[1.226s] -- Found OGRE_Property: optimized;/usr/lib/x86_64-linux-gnu/libOgreProperty.so;debug;/usr/lib/x86_64-linux-gnu/libOgreProperty.so
[1.227s] -- Looking for OGRE_RTShaderSystem...
[1.227s] -- Found OGRE_RTShaderSystem: optimized;/usr/lib/x86_64-linux-gnu/libOgreRTShaderSystem.so;debug;/usr/lib/x86_64-linux-gnu/libOgreRTShaderSystem.so
[1.227s] -- Looking for OGRE_Volume...
[1.227s] -- Found OGRE_Volume: optimized;/usr/lib/x86_64-linux-gnu/libOgreVolume.so;debug;/usr/lib/x86_64-linux-gnu/libOgreVolume.so
[1.227s] -- Looking for OGRE_Overlay...
[1.227s] -- Found OGRE_Overlay: optimized;/usr/lib/x86_64-linux-gnu/libOgreOverlay.so;debug;/usr/lib/x86_64-linux-gnu/libOgreOverlay.so
[1.519s] -- Looking for ignition-math6 -- found version 6.15.1
[1.520s] -- Looking for ignition-transport8 -- found version 8.2.1
[1.521s] -- Searching for dependencies of ignition-transport8
[1.552s] -- Found Protobuf: /usr/lib/x86_64-linux-gnu/libprotobuf.so (found suitable version "3.12.4", minimum required is "3") 
[1.575s] -- Config-file not installed for ZeroMQ -- checking for pkg-config
[1.584s] -- Checking for module 'libzmq >= 4'
[1.613s] --   Found libzmq , version 4.3.4
[1.720s] -- Checking for module 'uuid'
[1.746s] --   Found uuid, version 2.37.2
[1.839s] -- Looking for ignition-msgs5 -- found version 5.8.1
[1.840s] -- Searching for dependencies of ignition-msgs5
[1.885s] -- Looking for ignition-math6 -- found version 6.15.1
[1.895s] -- Checking for module 'tinyxml2'
[1.937s] --   Found tinyxml2, version 9.0.0
[2.024s] -- Looking for ignition-msgs5 -- found version 5.8.1
[2.026s] -- Looking for ignition-common3 -- found version 3.14.0
[2.026s] -- Searching for dependencies of ignition-common3
[2.027s] -- Looking for dlfcn.h - found
[2.027s] -- Looking for libdl - found
[2.054s] -- Searching for <ignition-common3> component [graphics]
[2.054s] -- Looking for ignition-common3-graphics -- found version 3.14.0
[2.057s] -- Searching for dependencies of ignition-common3-graphics
[2.057s] -- Looking for ignition-math6 -- found version 6.15.1
[2.057s] -- Looking for ignition-fuel_tools4 -- found version 4.4.0
[2.061s] -- Searching for dependencies of ignition-fuel_tools4
[2.146s] -- Checking for module 'jsoncpp'
[2.181s] --   Found jsoncpp, version 1.9.5
[2.291s] -- Checking for module 'libzip'
[2.326s] --   Found libzip, version 1.7.3
[2.408s] -- Looking for ignition-common3 -- found version 3.14.0
[2.411s] -- Looking for ignition-math6 -- found version 6.15.1
[2.411s] -- Looking for ignition-msgs5 -- found version 5.8.1
[2.414s] -- Gazebo version: 11.10
[2.421s] -- Found ament_lint_auto: 0.12.14 (/opt/ros/humble/share/ament_lint_auto/cmake)
[2.542s] -- Configuring incomplete, errors occurred!
[2.542s] See also "/home/lois/hybrid_robot_ws/build/hybrid_robot_description/CMakeFiles/CMakeOutput.log".
[2.544s] [31mCMake Error at /opt/ros/humble/share/ament_cmake_core/cmake/core/ament_package_xml.cmake:53 (message):
[2.545s]   ament_package_xml() package name 'hybrid_robot_description' in
[2.545s]   '/package.xml' does not match current PROJECT_NAME 'Project'.  You must
[2.545s]   call project() with the same package name before.
[2.545s] Call Stack (most recent call first):
[2.545s]   /opt/ros/humble/share/ament_lint_auto/cmake/ament_lint_auto_find_test_dependencies.cmake:31 (ament_package_xml)
[2.545s]   CMakeLists.txt:38 (ament_lint_auto_find_test_dependencies)
[2.545s] 
[2.545s] [0m
[2.575s] gmake: *** [Makefile:226: cmake_check_build_system] Error 1
[2.579s] Invoked command in '/home/lois/hybrid_robot_ws/build/hybrid_robot_description' returned '2': CMAKE_PREFIX_PATH=${CMAKE_PREFIX_PATH}:/home/lois/ros2_ws/install/rosbot_controller:/home/lois/ros2_ws/install/rosbot_utils:/home/lois/ros2_ws/install/rosbot_gazebo:/home/lois/ros2_ws/install/rosbot_bringup:/home/lois/ros2_ws/install/py_pubsub:/home/lois/ros2_ws/install/my_py_pkg:/opt/ros/humble /usr/bin/cmake --build /home/lois/hybrid_robot_ws/build/hybrid_robot_description -- -j2 -l2
