[1.106s] DEBUG:colcon:Command line arguments: ['/usr/bin/colcon', 'build']
[1.106s] DEBUG:colcon:Parsed command line arguments: Namespace(log_base=None, log_level=None, verb_name='build', build_base='build', install_base='install', merge_install=False, symlink_install=False, test_result_base=None, continue_on_error=False, executor='parallel', parallel_workers=2, event_handlers=None, ignore_user_meta=False, metas=['./colcon.meta'], base_paths=['.'], packages_ignore=None, packages_ignore_regex=None, paths=None, packages_up_to=None, packages_up_to_regex=None, packages_above=None, packages_above_and_dependencies=None, packages_above_depth=None, packages_select_by_dep=None, packages_skip_by_dep=None, packages_skip_up_to=None, packages_select_build_failed=False, packages_skip_build_finished=False, packages_select_test_failures=False, packages_skip_test_passed=False, packages_select=None, packages_skip=None, packages_select_regex=None, packages_skip_regex=None, packages_start=None, packages_end=None, allow_overriding=[], cmake_args=None, cmake_target=None, cmake_target_skip_unavailable=False, cmake_clean_cache=False, cmake_clean_first=False, cmake_force_configure=False, ament_cmake_args=None, catkin_cmake_args=None, catkin_skip_building_tests=False, verb_parser=<colcon_defaults.argument_parser.defaults.DefaultArgumentsDecorator object at 0x7266ea406470>, verb_extension=<colcon_core.verb.build.BuildVerb object at 0x7266ea405f60>, main=<bound method BuildVerb.main of <colcon_core.verb.build.BuildVerb object at 0x7266ea405f60>>)
[2.113s] Level 1:colcon.colcon_core.package_discovery:discover_packages(colcon_meta) check parameters
[2.113s] Level 1:colcon.colcon_core.package_discovery:discover_packages(recursive) check parameters
[2.113s] Level 1:colcon.colcon_core.package_discovery:discover_packages(ignore) check parameters
[2.113s] Level 1:colcon.colcon_core.package_discovery:discover_packages(path) check parameters
[2.113s] Level 1:colcon.colcon_core.package_discovery:discover_packages(colcon_meta) discover
[2.113s] Level 1:colcon.colcon_core.package_discovery:discover_packages(recursive) discover
[2.113s] INFO:colcon.colcon_core.package_discovery:Crawling recursively for packages in '/home/lois/hybrid_robot_ws'
[2.114s] Level 1:colcon.colcon_core.package_identification:_identify(.) by extensions ['ignore', 'ignore_ament_install']
[2.114s] Level 1:colcon.colcon_core.package_identification:_identify(.) by extension 'ignore'
[2.114s] Level 1:colcon.colcon_core.package_identification:_identify(.) by extension 'ignore_ament_install'
[2.114s] Level 1:colcon.colcon_core.package_identification:_identify(.) by extensions ['colcon_pkg']
[2.114s] Level 1:colcon.colcon_core.package_identification:_identify(.) by extension 'colcon_pkg'
[2.114s] Level 1:colcon.colcon_core.package_identification:_identify(.) by extensions ['colcon_meta']
[2.114s] Level 1:colcon.colcon_core.package_identification:_identify(.) by extension 'colcon_meta'
[2.114s] Level 1:colcon.colcon_core.package_identification:_identify(.) by extensions ['ros']
[2.114s] Level 1:colcon.colcon_core.package_identification:_identify(.) by extension 'ros'
[2.147s] Level 1:colcon.colcon_core.package_identification:_identify(.) by extensions ['cmake', 'python']
[2.148s] Level 1:colcon.colcon_core.package_identification:_identify(.) by extension 'cmake'
[2.148s] Level 1:colcon.colcon_core.package_identification:_identify(.) by extension 'python'
[2.148s] Level 1:colcon.colcon_core.package_identification:_identify(.) by extensions ['python_setup_py']
[2.148s] Level 1:colcon.colcon_core.package_identification:_identify(.) by extension 'python_setup_py'
[2.148s] Level 1:colcon.colcon_core.package_identification:_identify(build) by extensions ['ignore', 'ignore_ament_install']
[2.149s] Level 1:colcon.colcon_core.package_identification:_identify(build) by extension 'ignore'
[2.149s] Level 1:colcon.colcon_core.package_identification:_identify(build) ignored
[2.149s] Level 1:colcon.colcon_core.package_identification:_identify(install) by extensions ['ignore', 'ignore_ament_install']
[2.149s] Level 1:colcon.colcon_core.package_identification:_identify(install) by extension 'ignore'
[2.150s] Level 1:colcon.colcon_core.package_identification:_identify(install) ignored
[2.150s] Level 1:colcon.colcon_core.package_identification:_identify(log) by extensions ['ignore', 'ignore_ament_install']
[2.150s] Level 1:colcon.colcon_core.package_identification:_identify(log) by extension 'ignore'
[2.150s] Level 1:colcon.colcon_core.package_identification:_identify(log) ignored
[2.150s] Level 1:colcon.colcon_core.package_identification:_identify(src) by extensions ['ignore', 'ignore_ament_install']
[2.150s] Level 1:colcon.colcon_core.package_identification:_identify(src) by extension 'ignore'
[2.150s] Level 1:colcon.colcon_core.package_identification:_identify(src) by extension 'ignore_ament_install'
[2.150s] Level 1:colcon.colcon_core.package_identification:_identify(src) by extensions ['colcon_pkg']
[2.150s] Level 1:colcon.colcon_core.package_identification:_identify(src) by extension 'colcon_pkg'
[2.150s] Level 1:colcon.colcon_core.package_identification:_identify(src) by extensions ['colcon_meta']
[2.150s] Level 1:colcon.colcon_core.package_identification:_identify(src) by extension 'colcon_meta'
[2.151s] Level 1:colcon.colcon_core.package_identification:_identify(src) by extensions ['ros']
[2.151s] Level 1:colcon.colcon_core.package_identification:_identify(src) by extension 'ros'
[2.151s] Level 1:colcon.colcon_core.package_identification:_identify(src) by extensions ['cmake', 'python']
[2.151s] Level 1:colcon.colcon_core.package_identification:_identify(src) by extension 'cmake'
[2.151s] Level 1:colcon.colcon_core.package_identification:_identify(src) by extension 'python'
[2.151s] Level 1:colcon.colcon_core.package_identification:_identify(src) by extensions ['python_setup_py']
[2.151s] Level 1:colcon.colcon_core.package_identification:_identify(src) by extension 'python_setup_py'
[2.151s] Level 1:colcon.colcon_core.package_discovery:discover_packages(recursive) using defaults
[2.151s] Level 1:colcon.colcon_core.package_discovery:discover_packages(ignore) discover
[2.151s] Level 1:colcon.colcon_core.package_discovery:discover_packages(ignore) using defaults
[2.151s] Level 1:colcon.colcon_core.package_discovery:discover_packages(path) discover
[2.151s] Level 1:colcon.colcon_core.package_discovery:discover_packages(path) using defaults
[2.239s] Level 1:colcon.colcon_core.package_discovery:discover_packages(prefix_path) check parameters
[2.239s] Level 1:colcon.colcon_core.package_discovery:discover_packages(prefix_path) discover
[2.253s] DEBUG:colcon.colcon_installed_package_information.package_discovery:Found 11 installed packages in /home/lois/ros2_ws/install
[2.256s] DEBUG:colcon.colcon_installed_package_information.package_discovery:Found 480 installed packages in /opt/ros/humble
[2.260s] Level 1:colcon.colcon_core.package_discovery:discover_packages(prefix_path) using defaults
[2.447s] INFO:colcon.colcon_core.executor:Executing jobs using 'parallel' executor
[2.451s] DEBUG:colcon.colcon_parallel_executor.executor.parallel:run_until_complete
[2.452s] DEBUG:colcon.colcon_parallel_executor.executor.parallel:closing loop
[2.452s] DEBUG:colcon.colcon_parallel_executor.executor.parallel:loop closed
[2.452s] DEBUG:colcon.colcon_parallel_executor.executor.parallel:run_until_complete finished with '0'
[2.452s] DEBUG:colcon.colcon_core.event_reactor:joining thread
[2.472s] INFO:colcon.colcon_core.plugin_system:Skipping extension 'colcon_notification.desktop_notification.terminal_notifier': Not used on non-Darwin systems
[2.472s] INFO:colcon.colcon_core.plugin_system:Skipping extension 'colcon_notification.desktop_notification.win32': Not used on non-Windows systems
[2.472s] INFO:colcon.colcon_notification.desktop_notification:Sending desktop notification using 'notify2'
[2.558s] DEBUG:colcon.colcon_core.event_reactor:joined thread
[2.589s] INFO:colcon.colcon_core.plugin_system:Skipping extension 'colcon_core.shell.bat': Not used on non-Windows systems
[2.590s] INFO:colcon.colcon_core.shell:Creating prefix script '/home/lois/hybrid_robot_ws/install/local_setup.ps1'
[2.593s] INFO:colcon.colcon_core.shell:Creating prefix util module '/home/lois/hybrid_robot_ws/install/_local_setup_util_ps1.py'
[2.600s] INFO:colcon.colcon_core.shell:Creating prefix chain script '/home/lois/hybrid_robot_ws/install/setup.ps1'
[2.607s] INFO:colcon.colcon_core.shell:Creating prefix script '/home/lois/hybrid_robot_ws/install/local_setup.sh'
[2.610s] INFO:colcon.colcon_core.shell:Creating prefix util module '/home/lois/hybrid_robot_ws/install/_local_setup_util_sh.py'
[2.611s] INFO:colcon.colcon_core.shell:Creating prefix chain script '/home/lois/hybrid_robot_ws/install/setup.sh'
[2.618s] INFO:colcon.colcon_core.shell:Creating prefix script '/home/lois/hybrid_robot_ws/install/local_setup.bash'
[2.622s] INFO:colcon.colcon_core.shell:Creating prefix chain script '/home/lois/hybrid_robot_ws/install/setup.bash'
[2.626s] INFO:colcon.colcon_core.shell:Creating prefix script '/home/lois/hybrid_robot_ws/install/local_setup.zsh'
[2.633s] INFO:colcon.colcon_core.shell:Creating prefix chain script '/home/lois/hybrid_robot_ws/install/setup.zsh'
