[0.044s] Invoking command in '/home/lois/hybrid_robot_ws/build/hybrid_robot_description': CMAKE_PREFIX_PATH=${CMAKE_PREFIX_PATH}:/home/lois/ros2_ws/install/rosbot_controller:/home/lois/ros2_ws/install/rosbot_utils:/home/lois/ros2_ws/install/rosbot_gazebo:/home/lois/ros2_ws/install/rosbot_bringup:/home/lois/ros2_ws/install/py_pubsub:/home/lois/ros2_ws/install/my_py_pkg:/opt/ros/humble /usr/bin/cmake --build /home/lois/hybrid_robot_ws/build/hybrid_robot_description -- -j2 -l2
[0.135s] -- Found ament_cmake: 1.3.12 (/opt/ros/humble/share/ament_cmake/cmake)
[0.615s] -- Found rclcpp: 16.0.15 (/opt/ros/humble/share/rclcpp/cmake)
[0.717s] -- Found rosidl_generator_c: 3.1.7 (/opt/ros/humble/share/rosidl_generator_c/cmake)
[0.727s] -- Found rosidl_adapter: 3.1.7 (/opt/ros/humble/share/rosidl_adapter/cmake)
[0.744s] -- Found rosidl_generator_cpp: 3.1.7 (/opt/ros/humble/share/rosidl_generator_cpp/cmake)
[0.780s] -- Using all available rosidl_typesupport_c: rosidl_typesupport_fastrtps_c;rosidl_typesupport_introspection_c
[0.817s] -- Using all available rosidl_typesupport_cpp: rosidl_typesupport_fastrtps_cpp;rosidl_typesupport_introspection_cpp
[0.913s] -- Found rmw_implementation_cmake: 6.1.2 (/opt/ros/humble/share/rmw_implementation_cmake/cmake)
[0.917s] -- Found rmw_fastrtps_cpp: 6.2.9 (/opt/ros/humble/share/rmw_fastrtps_cpp/cmake)
[1.695s] -- Using RMW implementation 'rmw_fastrtps_cpp' as default
[2.035s] -- Found gazebo_ros: 3.9.0 (/opt/ros/humble/share/gazebo_ros/cmake)
[2.133s] -- Found DART: /usr/include (Required is at least version "6.6") found components: dart 
[2.312s] -- Found Protobuf: /usr/lib/x86_64-linux-gnu/libprotobuf.so (found version "3.12.4") 
[2.312s] -- Looking for ignition-math6 -- found version 6.15.1
[2.331s] -- Searching for dependencies of ignition-math6
[2.335s] -- Looking for OGRE...
[2.409s] -- Found Ogre Ghadamon (1.9.0)
[2.410s] -- Found OGRE: optimized;/usr/lib/x86_64-linux-gnu/libOgreMain.so;debug;/usr/lib/x86_64-linux-gnu/libOgreMain.so
[2.534s] -- Looking for OGRE_Paging...
[2.534s] -- Found OGRE_Paging: optimized;/usr/lib/x86_64-linux-gnu/libOgrePaging.so;debug;/usr/lib/x86_64-linux-gnu/libOgrePaging.so
[2.534s] -- Looking for OGRE_Terrain...
[2.535s] -- Found OGRE_Terrain: optimized;/usr/lib/x86_64-linux-gnu/libOgreTerrain.so;debug;/usr/lib/x86_64-linux-gnu/libOgreTerrain.so
[2.535s] -- Looking for OGRE_Property...
[2.535s] -- Found OGRE_Property: optimized;/usr/lib/x86_64-linux-gnu/libOgreProperty.so;debug;/usr/lib/x86_64-linux-gnu/libOgreProperty.so
[2.535s] -- Looking for OGRE_RTShaderSystem...
[2.535s] -- Found OGRE_RTShaderSystem: optimized;/usr/lib/x86_64-linux-gnu/libOgreRTShaderSystem.so;debug;/usr/lib/x86_64-linux-gnu/libOgreRTShaderSystem.so
[2.535s] -- Looking for OGRE_Volume...
[2.547s] -- Found OGRE_Volume: optimized;/usr/lib/x86_64-linux-gnu/libOgreVolume.so;debug;/usr/lib/x86_64-linux-gnu/libOgreVolume.so
[2.547s] -- Looking for OGRE_Overlay...
[2.547s] -- Found OGRE_Overlay: optimized;/usr/lib/x86_64-linux-gnu/libOgreOverlay.so;debug;/usr/lib/x86_64-linux-gnu/libOgreOverlay.so
[3.009s] -- Looking for ignition-math6 -- found version 6.15.1
[3.014s] -- Looking for ignition-transport8 -- found version 8.2.1
[3.018s] -- Searching for dependencies of ignition-transport8
[3.108s] -- Found Protobuf: /usr/lib/x86_64-linux-gnu/libprotobuf.so (found suitable version "3.12.4", minimum required is "3") 
[3.147s] -- Config-file not installed for ZeroMQ -- checking for pkg-config
[3.165s] -- Checking for module 'libzmq >= 4'
[3.279s] --   Found libzmq , version 4.3.4
[3.516s] -- Checking for module 'uuid'
[3.560s] --   Found uuid, version 2.37.2
[3.649s] -- Looking for ignition-msgs5 -- found version 5.8.1
[3.649s] -- Searching for dependencies of ignition-msgs5
[3.700s] -- Looking for ignition-math6 -- found version 6.15.1
[3.715s] -- Checking for module 'tinyxml2'
[3.748s] --   Found tinyxml2, version 9.0.0
[3.814s] -- Looking for ignition-msgs5 -- found version 5.8.1
[3.815s] -- Looking for ignition-common3 -- found version 3.14.0
[3.816s] -- Searching for dependencies of ignition-common3
[3.817s] -- Looking for dlfcn.h - found
[3.817s] -- Looking for libdl - found
[3.834s] -- Searching for <ignition-common3> component [graphics]
[3.841s] -- Looking for ignition-common3-graphics -- found version 3.14.0
[3.841s] -- Searching for dependencies of ignition-common3-graphics
[3.841s] -- Looking for ignition-math6 -- found version 6.15.1
[3.843s] -- Looking for ignition-fuel_tools4 -- found version 4.4.0
[3.844s] -- Searching for dependencies of ignition-fuel_tools4
[3.913s] -- Checking for module 'jsoncpp'
[3.938s] --   Found jsoncpp, version 1.9.5
[4.014s] -- Checking for module 'libzip'
[4.035s] --   Found libzip, version 1.7.3
[4.096s] -- Looking for ignition-common3 -- found version 3.14.0
[4.096s] -- Looking for ignition-math6 -- found version 6.15.1
[4.098s] -- Looking for ignition-msgs5 -- found version 5.8.1
[4.101s] -- Gazebo version: 11.10
[4.106s] -- Found ament_lint_auto: 0.12.14 (/opt/ros/humble/share/ament_lint_auto/cmake)
[4.275s] -- Added test 'flake8' to check Python code syntax and style conventions
[4.278s] -- Added test 'lint_cmake' to check CMake code style
[4.279s] -- Added test 'pep257' to check Python code against some of the docstring style conventions in PEP 257
[4.282s] -- Added test 'xmllint' to check XML markup files
[4.284s] -- Configuring done
[4.315s] -- Generating done
[4.329s] -- Build files have been written to: /home/lois/hybrid_robot_ws/build/hybrid_robot_description
[4.415s] Invoked command in '/home/lois/hybrid_robot_ws/build/hybrid_robot_description' returned '0': CMAKE_PREFIX_PATH=${CMAKE_PREFIX_PATH}:/home/lois/ros2_ws/install/rosbot_controller:/home/lois/ros2_ws/install/rosbot_utils:/home/lois/ros2_ws/install/rosbot_gazebo:/home/lois/ros2_ws/install/rosbot_bringup:/home/lois/ros2_ws/install/py_pubsub:/home/lois/ros2_ws/install/my_py_pkg:/opt/ros/humble /usr/bin/cmake --build /home/lois/hybrid_robot_ws/build/hybrid_robot_description -- -j2 -l2
[4.446s] Invoking command in '/home/lois/hybrid_robot_ws/build/hybrid_robot_description': CMAKE_PREFIX_PATH=${CMAKE_PREFIX_PATH}:/home/lois/ros2_ws/install/rosbot_controller:/home/lois/ros2_ws/install/rosbot_utils:/home/lois/ros2_ws/install/rosbot_gazebo:/home/lois/ros2_ws/install/rosbot_bringup:/home/lois/ros2_ws/install/py_pubsub:/home/lois/ros2_ws/install/my_py_pkg:/opt/ros/humble /usr/bin/cmake --install /home/lois/hybrid_robot_ws/build/hybrid_robot_description
[4.464s] -- Install configuration: ""
[4.464s] -- Up-to-date: /home/lois/hybrid_robot_ws/install/hybrid_robot_description/share/hybrid_robot_description/worlds
[4.464s] -- Installing: /home/lois/hybrid_robot_ws/install/hybrid_robot_description/share/hybrid_robot_description/worlds/hybrid_map.world
[4.464s] -- Up-to-date: /home/lois/hybrid_robot_ws/install/hybrid_robot_description/share/hybrid_robot_description/launch
[4.464s] -- Up-to-date: /home/lois/hybrid_robot_ws/install/hybrid_robot_description/share/hybrid_robot_description/launch/launch_world.launch.py
[4.465s] [31mCMake Error at cmake_install.cmake:54 (file):
[4.465s]   file INSTALL cannot find
[4.465s]   "/home/lois/hybrid_robot_ws/src/hybrid_robot_description/urdf": No such
[4.465s]   file or directory.
[4.465s] 
[4.465s] [0m
[4.467s] Invoked command in '/home/lois/hybrid_robot_ws/build/hybrid_robot_description' returned '1': CMAKE_PREFIX_PATH=${CMAKE_PREFIX_PATH}:/home/lois/ros2_ws/install/rosbot_controller:/home/lois/ros2_ws/install/rosbot_utils:/home/lois/ros2_ws/install/rosbot_gazebo:/home/lois/ros2_ws/install/rosbot_bringup:/home/lois/ros2_ws/install/py_pubsub:/home/lois/ros2_ws/install/my_py_pkg:/opt/ros/humble /usr/bin/cmake --install /home/lois/hybrid_robot_ws/build/hybrid_robot_description
